<?xml version="1.0" encoding="UTF-8"?>
<!-- Generated by org.testng.reporters.JUnitReportReporter -->
<testsuite hostname="DESKTOP-OLOHNL2" failures="0" tests="1" name="Tests.TwoTest" time="16.427" errors="0" timestamp="2024-03-02T07:07:43 GMT-04:00" skipped="0">
  <testcase classname="Tests.TwoTest" name="testTwo" time="16.427"/>
</testsuite> <!-- Tests.TwoTest -->
