<?xml version="1.0" encoding="UTF-8"?>
<!-- Generated by org.testng.reporters.JUnitReportReporter -->
<testsuite hostname="DESKTOP-OLOHNL2" failures="0" tests="1" name="Tests.ThreeTest" time="16.041" errors="0" timestamp="2024-03-02T07:07:43 GMT-04:00" skipped="0">
  <testcase classname="Tests.ThreeTest" name="testThree" time="16.041"/>
</testsuite> <!-- Tests.ThreeTest -->
