<?xml version="1.0" encoding="UTF-8"?>
<!-- Generated by org.testng.reporters.JUnitReportReporter -->
<testsuite hostname="DESKTOP-OLOHNL2" failures="0" tests="1" name="Tests.Teststs" time="0.012" errors="0" timestamp="2024-02-24T07:51:48 GMT-04:00" skipped="0">
  <testcase classname="Tests.Teststs" name="testBro" time="0.012"/>
</testsuite> <!-- Tests.Teststs -->
