<?xml version="1.0" encoding="UTF-8"?>
<!-- Generated by org.testng.reporters.JUnitReportReporter -->
<testsuite hostname="DESKTOP-OLOHNL2" failures="0" tests="1" name="runner.Runner" time="9.278" errors="0" timestamp="2024-03-02T12:55:58 GMT-04:00" skipped="0">
  <testcase classname="runner.Runner" name="runScenario" time="9.278"/>
</testsuite> <!-- runner.Runner -->
