<?xml version="1.0" encoding="UTF-8"?>
<!-- Generated by org.testng.reporters.JUnitReportReporter -->
<testsuite hostname="DESKTOP-OLOHNL2" failures="0" tests="1" name="runner.Runner" time="8.788" errors="0" timestamp="2024-03-02T13:21:19 GMT-04:00" skipped="0">
  <testcase classname="runner.Runner" name="runScenario" time="8.788"/>
</testsuite> <!-- runner.Runner -->
