<?xml version="1.0" encoding="UTF-8"?>
<!-- Generated by org.testng.reporters.JUnitReportReporter -->
<testsuite hostname="DESKTOP-OLOHNL2" failures="0" tests="1" name="Tests.FourTest" time="0.001" errors="0" timestamp="2024-02-25T04:16:06 GMT-04:00" skipped="0">
  <testcase classname="Tests.FourTest" name="testFour" time="0.001"/>
</testsuite> <!-- Tests.FourTest -->
