<?xml version="1.0" encoding="UTF-8"?>
<!-- Generated by org.testng.reporters.JUnitReportReporter -->
<testsuite hostname="DESKTOP-OLOHNL2" failures="0" tests="1" name="Tests.ThreeTest" time="0.014" errors="0" timestamp="2024-02-25T04:16:06 GMT-04:00" skipped="0">
  <testcase classname="Tests.ThreeTest" name="testThree" time="0.014"/>
</testsuite> <!-- Tests.ThreeTest -->
